23:55:17  Running dbt...
/venv/dbt-sha-6bb3d1197160a4df00edce73edc0da111a7ae742/lib/python3.11/site-packages/snowflake/connector/vendored/requests/__init__.py:113: RequestsDependencyWarning: urllib3 (2.6.3) or chardet (7.4.3)/charset_normalizer (3.4.7) doesn't match a supported version!
  warnings.warn(
23:55:19  [[33mWARNING[0m]: Time spines without YAML configuration are in the process of
deprecation. Please add YAML configuration for your 'metricflow_time_spine'
model. See documentation on MetricFlow time spines:
https://docs.getdbt.com/docs/build/metricflow-time-spine and behavior change
documentation:
https://docs.getdbt.com/reference/global-configs/behavior-changes.
23:55:19  [[33mWARNING[0m]: The use of a custom microbatch macro outside of batched
execution is deprecated. To use it with batched execution, set
`flags.require_batched_execution_for_custom_microbatch_strategy` to `True` in
`dbt_project.yml`. In the future this will be the default behavior.
23:55:19  Found 149 data tests, 47 models, 2 operations, 2 snapshots, 9 sources, 12 metrics, 2083 macros, 4 semantic models, 3 saved queries, 4 unit tests
23:55:19  
23:55:19
23:55:19  Concurrency: 16 threads (target='default')
23:55:19  
23:55:26  Elementary: Runtime data: {"config": {}, "dbt_version": "2026.6.11+6bb3d11", "elementary_version": "0.24.0", "database": "OLIST_LAKEHOUSE_prod", "schema": "prod_elementary"}
23:55:27  1 of 1 START hook: elementary.on-run-start.0 ................................... [RUN]
23:55:27  1 of 1 OK hook: elementary.on-run-start.0 ...................................... [[32mOK[0m in 1.32s]
23:55:27  
23:55:27  1 of 205 START sql incremental model prod_elementary.data_monitoring_metrics ... [RUN]
23:55:27  2 of 205 START sql incremental model prod_elementary.dbt_columns ............... [RUN]
23:55:27  3 of 205 START sql incremental model prod_elementary.dbt_exposures ............. [RUN]
23:55:27  4 of 205 START sql incremental model prod_elementary.dbt_groups ................ [RUN]
23:55:27  5 of 205 START sql incremental model prod_elementary.dbt_invocations ........... [RUN]
23:55:27  6 of 205 START sql incremental model prod_elementary.dbt_metrics ............... [RUN]
23:55:27  7 of 205 START sql incremental model prod_elementary.dbt_models ................ [RUN]
23:55:27  8 of 205 START sql incremental model prod_elementary.dbt_run_results ........... [RUN]
23:55:27  9 of 205 START sql incremental model prod_elementary.dbt_seeds ................. [RUN]
23:55:27  10 of 205 START sql incremental model prod_elementary.dbt_snapshots ............ [RUN]
23:55:27  11 of 205 START sql incremental model prod_elementary.dbt_source_freshness_results  [RUN]
23:55:27  12 of 205 START sql incremental model prod_elementary.dbt_sources .............. [RUN]
23:55:27  13 of 205 START sql incremental model prod_elementary.dbt_tests ................ [RUN]
23:55:27  14 of 205 START sql incremental model prod_elementary.elementary_test_results .. [RUN]
23:55:27  15 of 205 START sql table model prod_elementary.metadata ....................... [RUN]
23:55:27  16 of 205 START sql incremental model prod_elementary.schema_columns_snapshot .. [RUN]
23:55:29  15 of 205 OK created sql table model prod_elementary.metadata .................. [[32mSUCCESS 1[0m in 1.97s]
23:55:29  17 of 205 START sql table model prod_gold.metricflow_time_spine ................ [RUN]
23:55:30  4 of 205 OK created sql incremental model prod_elementary.dbt_groups ........... [[32mSUCCESS 0[0m in 2.71s]
23:55:30  18 of 205 START sql view model prod_silver.stg_olist_customers ................. [RUN]
23:55:30  3 of 205 OK created sql incremental model prod_elementary.dbt_exposures ........ [[32mSUCCESS 0[0m in 2.77s]
23:55:30  19 of 205 START sql view model prod_silver.stg_olist_geolocation ............... [RUN]
23:55:30  9 of 205 OK created sql incremental model prod_elementary.dbt_seeds ............ [[32mSUCCESS 0[0m in 3.00s]
23:55:30  20 of 205 START sql view model prod_silver.stg_olist_order_items ............... [RUN]
23:55:30  1 of 205 OK created sql incremental model prod_elementary.data_monitoring_metrics  [[32mSUCCESS 0[0m in 3.08s]
23:55:30  21 of 205 START sql view model prod_silver.stg_olist_order_payments ............ [RUN]
23:55:30  11 of 205 OK created sql incremental model prod_elementary.dbt_source_freshness_results  [[32mSUCCESS 0[0m in 3.07s]
23:55:30  22 of 205 START sql view model prod_silver.stg_olist_order_reviews ............. [RUN]
23:55:30  5 of 205 OK created sql incremental model prod_elementary.dbt_invocations ...... [[32mSUCCESS 0[0m in 3.10s]
23:55:30  23 of 205 START sql view model prod_silver.stg_olist_orders .................... [RUN]
23:55:30  Detected columns with numeric type and unspecified precision/scale, this can lead to unintended rounding: ['order_item_id']`
23:55:30  Detected columns with numeric type and unspecified precision/scale, this can lead to unintended rounding: ['review_score']`
23:55:30  Detected columns with numeric type and unspecified precision/scale, this can lead to unintended rounding: ['payment_sequential', 'payment_installments']`
23:55:31  16 of 205 OK created sql incremental model prod_elementary.schema_columns_snapshot  [[32mSUCCESS 0[0m in 3.33s]
23:55:31  14 of 205 OK created sql incremental model prod_elementary.elementary_test_results  [[32mSUCCESS 0[0m in 3.39s]
23:55:31  29 of 205 START unit_test stg_olist_products::test_stg_products_column_rename .. [RUN]
23:55:31  24 of 205 START sql view model prod_silver.stg_olist_sellers ................... [RUN]
23:55:31  18 of 205 OK created sql view model prod_silver.stg_olist_customers ............ [[32mSUCCESS 1[0m in 0.80s]
23:55:31  25 of 205 START sql view model prod_silver.stg_product_category_name_translation  [RUN]
23:55:31  17 of 205 OK created sql table model prod_gold.metricflow_time_spine ........... [[32mSUCCESS 1461[0m in 1.59s]
23:55:31  26 of 205 START sql view model prod_elementary.metrics_anomaly_score ........... [RUN]
23:55:31  19 of 205 OK created sql view model prod_silver.stg_olist_geolocation .......... [[32mSUCCESS 1[0m in 1.07s]
23:55:31  8 of 205 OK created sql incremental model prod_elementary.dbt_run_results ...... [[32mSUCCESS 0[0m in 3.85s]
23:55:31  22 of 205 OK created sql view model prod_silver.stg_olist_order_reviews ........ [[32mSUCCESS 1[0m in 0.82s]
23:55:31  27 of 205 START sql view model prod_elementary.monitors_runs ................... [RUN]
23:55:31  28 of 205 START sql view model prod_elementary.job_run_results ................. [RUN]
23:55:31  23 of 205 OK created sql view model prod_silver.stg_olist_orders ............... [[32mSUCCESS 1[0m in 0.84s]
23:55:31  20 of 205 OK created sql view model prod_silver.stg_olist_order_items .......... [[32mSUCCESS 1[0m in 0.94s]
23:55:31  21 of 205 OK created sql view model prod_silver.stg_olist_order_payments ....... [[32mSUCCESS 1[0m in 0.89s]
23:55:31  6 of 205 OK created sql incremental model prod_elementary.dbt_metrics .......... [[32mSUCCESS 0[0m in 3.96s]
23:55:31  30 of 205 START sql view model prod_elementary.alerts_anomaly_detection ........ [RUN]
23:55:31  31 of 205 START sql view model prod_elementary.alerts_dbt_tests ................ [RUN]
23:55:31  32 of 205 START sql view model prod_elementary.alerts_schema_changes ........... [RUN]
23:55:31  33 of 205 START sql incremental model prod_elementary.test_result_rows ......... [RUN]
23:55:31  34 of 205 START test not_null_stg_olist_customers_customer_city ................ [RUN]
23:55:31  10 of 205 OK created sql incremental model prod_elementary.dbt_snapshots ....... [[32mSUCCESS 0[0m in 4.27s]
23:55:31  35 of 205 START test not_null_stg_olist_customers_customer_id .................. [RUN]
23:55:32  12 of 205 OK created sql incremental model prod_elementary.dbt_sources ......... [[32mSUCCESS 0[0m in 4.38s]
23:55:32  26 of 205 OK created sql view model prod_elementary.metrics_anomaly_score ...... [[32mSUCCESS 1[0m in 0.69s]
23:55:32  36 of 205 START test not_null_stg_olist_customers_customer_state ............... [RUN]
23:55:32  24 of 205 OK created sql view model prod_silver.stg_olist_sellers .............. [[32mSUCCESS 1[0m in 1.00s]
23:55:32  37 of 205 START test not_null_stg_olist_customers_customer_unique_id ........... [RUN]
23:55:32  38 of 205 START test not_null_stg_olist_customers_customer_zip_code_prefix ..... [RUN]
23:55:32  25 of 205 OK created sql view model prod_silver.stg_product_category_name_translation  [[32mSUCCESS 1[0m in 0.98s]
23:55:32  28 of 205 OK created sql view model prod_elementary.job_run_results ............ [[32mSUCCESS 1[0m in 0.54s]
23:55:32  27 of 205 OK created sql view model prod_elementary.monitors_runs .............. [[32mSUCCESS 1[0m in 0.56s]
23:55:32  30 of 205 OK created sql view model prod_elementary.alerts_anomaly_detection ... [[32mSUCCESS 1[0m in 0.52s]
23:55:32  32 of 205 OK created sql view model prod_elementary.alerts_schema_changes ...... [[32mSUCCESS 1[0m in 0.51s]
23:55:32  31 of 205 OK created sql view model prod_elementary.alerts_dbt_tests ........... [[32mSUCCESS 1[0m in 0.52s]
23:55:32  39 of 205 START test unique_stg_olist_customers_customer_id .................... [RUN]
23:55:32  40 of 205 START test unique_stg_olist_customers_customer_unique_id ............. [RUN]
23:55:32  41 of 205 START test dbt_expectations_expect_column_values_to_be_between_stg_olist_geolocation_geolocation_lat__90___90  [RUN]
23:55:32  42 of 205 START test dbt_expectations_expect_column_values_to_be_between_stg_olist_geolocation_geolocation_lng__180___180  [RUN]
23:55:32  43 of 205 START test not_null_stg_olist_geolocation_geolocation_lat ............ [RUN]
23:55:32  44 of 205 START test not_null_stg_olist_geolocation_geolocation_lng ............ [RUN]
23:55:32  29 of 205 PASS stg_olist_products::test_stg_products_column_rename ............. [[32mPASS[0m in 1.79s]
23:55:32  84 of 205 START sql view model prod_silver.stg_olist_products .................. [RUN]
23:55:33  2 of 205 OK created sql incremental model prod_elementary.dbt_columns .......... [[32mSUCCESS 0[0m in 5.43s]
23:55:33  45 of 205 START test not_null_stg_olist_geolocation_geolocation_zip_code_prefix  [RUN]
23:55:33  Detected columns with numeric type and unspecified precision/scale, this can lead to unintended rounding: ['product_name_length', 'product_description_length', 'product_photos_qty', 'product_weight_g', 'product_length_cm', 'product_height_cm', 'product_width_cm']`
23:55:33  84 of 205 OK created sql view model prod_silver.stg_olist_products ............. [[32mSUCCESS 1[0m in 0.76s]
23:55:33  46 of 205 START sql view model prod_elementary.seed_run_results ................ [RUN]
23:55:33  46 of 205 OK created sql view model prod_elementary.seed_run_results ........... [[32mSUCCESS 1[0m in 0.36s]
23:55:33  47 of 205 START test dbt_expectations_expect_column_values_to_be_between_stg_olist_order_reviews_review_score__5__1  [RUN]
23:55:34  37 of 205 PASS not_null_stg_olist_customers_customer_unique_id ................. [[32mPASS[0m in 2.07s]
23:55:34  48 of 205 START test not_null_stg_olist_order_reviews_order_id ................. [RUN]
23:55:34  34 of 205 PASS not_null_stg_olist_customers_customer_city ...................... [[32mPASS[0m in 2.56s]
23:55:34  39 of 205 PASS unique_stg_olist_customers_customer_id .......................... [[32mPASS[0m in 2.03s]
23:55:34  49 of 205 START test not_null_stg_olist_order_reviews_review_id ................ [RUN]
23:55:34  50 of 205 START test not_null_stg_olist_order_reviews_review_score ............. [RUN]
23:55:34  33 of 205 OK created sql incremental model prod_elementary.test_result_rows .... [[32mSUCCESS 0[0m in 2.62s]
23:55:34  51 of 205 START test unique_stg_olist_order_reviews_review_id .................. [RUN]
23:55:34  38 of 205 PASS not_null_stg_olist_customers_customer_zip_code_prefix ........... [[32mPASS[0m in 2.36s]
23:55:34  36 of 205 PASS not_null_stg_olist_customers_customer_state ..................... [[32mPASS[0m in 2.55s]
23:55:34  52 of 205 START test accepted_values_stg_olist_orders_order_status__delivered__shipped__canceled__invoiced__processing__unavailable__created__approved  [RUN]
23:55:34  53 of 205 START test not_null_stg_olist_orders_customer_id ..................... [RUN]
23:55:35  35 of 205 PASS not_null_stg_olist_customers_customer_id ........................ [[32mPASS[0m in 3.22s]
23:55:35  54 of 205 START test not_null_stg_olist_orders_order_id ........................ [RUN]
23:55:35  40 of 205 WARN 2997 unique_stg_olist_customers_customer_unique_id .............. [[33mWARN 2997[0m in 3.18s]
23:55:35  55 of 205 START test not_null_stg_olist_orders_order_purchase_timestamp ........ [RUN]
23:55:35  41 of 205 PASS dbt_expectations_expect_column_values_to_be_between_stg_olist_geolocation_geolocation_lat__90___90  [[32mPASS[0m in 3.74s]
23:55:35  56 of 205 START test not_null_stg_olist_orders_order_status .................... [RUN]
23:55:36  44 of 205 PASS not_null_stg_olist_geolocation_geolocation_lng .................. [[32mPASS[0m in 4.45s]
23:55:36  42 of 205 PASS dbt_expectations_expect_column_values_to_be_between_stg_olist_geolocation_geolocation_lng__180___180  [[32mPASS[0m in 4.51s]
23:55:36  57 of 205 START test unique_stg_olist_orders_order_id .......................... [RUN]
23:55:36  58 of 205 START test dbt_expectations_expect_column_values_to_be_between_stg_olist_order_items_freight_value__0  [RUN]
23:55:37  47 of 205 PASS dbt_expectations_expect_column_values_to_be_between_stg_olist_order_reviews_review_score__5__1  [[32mPASS[0m in 3.08s]
23:55:37  59 of 205 START test dbt_expectations_expect_column_values_to_be_between_stg_olist_order_items_price__0  [RUN]
23:55:37  49 of 205 PASS not_null_stg_olist_order_reviews_review_id ...................... [[32mPASS[0m in 3.40s]
23:55:37  43 of 205 PASS not_null_stg_olist_geolocation_geolocation_lat .................. [[32mPASS[0m in 5.40s]
23:55:37  48 of 205 PASS not_null_stg_olist_order_reviews_order_id ....................... [[32mPASS[0m in 3.51s]
23:55:38  60 of 205 START test not_null_stg_olist_order_items_order_id ................... [RUN]
23:55:38  61 of 205 START test not_null_stg_olist_order_items_order_item_id .............. [RUN]
23:55:38  50 of 205 PASS not_null_stg_olist_order_reviews_review_score ................... [[32mPASS[0m in 4.04s]
23:55:38  62 of 205 START test not_null_stg_olist_order_items_price ...................... [RUN]
23:55:38  45 of 205 PASS not_null_stg_olist_geolocation_geolocation_zip_code_prefix ...... [[32mPASS[0m in 5.23s]
23:55:38  63 of 205 START test not_null_stg_olist_order_items_product_id ................. [RUN]
23:55:38  64 of 205 START test not_null_stg_olist_order_items_seller_id .................. [RUN]
23:55:38  52 of 205 PASS accepted_values_stg_olist_orders_order_status__delivered__shipped__canceled__invoiced__processing__unavailable__created__approved  [[32mPASS[0m in 3.84s]
23:55:38  51 of 205 PASS unique_stg_olist_order_reviews_review_id ........................ [[32mPASS[0m in 4.21s]
23:55:38  53 of 205 PASS not_null_stg_olist_orders_customer_id ........................... [[32mPASS[0m in 3.80s]
23:55:38  65 of 205 START test accepted_values_stg_olist_order_payments_payment_type__credit_card__boleto__voucher__debit_card__not_defined  [RUN]
23:55:38  66 of 205 START test dbt_expectations_expect_column_values_to_be_between_stg_olist_order_payments_payment_installments__1  [RUN]
23:55:38  54 of 205 PASS not_null_stg_olist_orders_order_id .............................. [[32mPASS[0m in 3.35s]
23:55:38  67 of 205 START test dbt_expectations_expect_column_values_to_be_between_stg_olist_order_payments_payment_value__0  [RUN]
23:55:38  68 of 205 START test not_null_stg_olist_order_payments_order_id ................ [RUN]
23:55:38  55 of 205 PASS not_null_stg_olist_orders_order_purchase_timestamp .............. [[32mPASS[0m in 3.17s]
23:55:38  69 of 205 START test not_null_stg_olist_order_payments_payment_installments .... [RUN]
23:55:38  7 of 205 OK created sql incremental model prod_elementary.dbt_models ........... [[32mSUCCESS 0[0m in 11.05s]
23:55:38  70 of 205 START test not_null_stg_olist_order_payments_payment_sequential ...... [RUN]
23:55:38  56 of 205 PASS not_null_stg_olist_orders_order_status .......................... [[32mPASS[0m in 2.97s]
23:55:38  71 of 205 START test not_null_stg_olist_order_payments_payment_type ............ [RUN]
23:55:40  63 of 205 PASS not_null_stg_olist_order_items_product_id ....................... [[32mPASS[0m in 2.23s]
23:55:40  72 of 205 START test not_null_stg_olist_order_payments_payment_value ........... [RUN]
23:55:40  60 of 205 PASS not_null_stg_olist_order_items_order_id ......................... [[32mPASS[0m in 2.34s]
23:55:40  59 of 205 PASS dbt_expectations_expect_column_values_to_be_between_stg_olist_order_items_price__0  [[32mPASS[0m in 3.11s]
23:55:40  73 of 205 START sql view model prod_elementary.snapshot_run_results ............ [RUN]
23:55:40  74 of 205 START sql view model prod_elementary.alerts_dbt_source_freshness ..... [RUN]
23:55:40  61 of 205 PASS not_null_stg_olist_order_items_order_item_id .................... [[32mPASS[0m in 2.34s]
23:55:40  75 of 205 START sql view model prod_elementary.anomaly_threshold_sensitivity ... [RUN]
23:55:40  58 of 205 PASS dbt_expectations_expect_column_values_to_be_between_stg_olist_order_items_freight_value__0  [[32mPASS[0m in 3.60s]
23:55:40  76 of 205 START test not_null_stg_olist_sellers_seller_city .................... [RUN]
23:55:40  57 of 205 PASS unique_stg_olist_orders_order_id ................................ [[32mPASS[0m in 3.80s]
23:55:40  77 of 205 START test not_null_stg_olist_sellers_seller_id ...................... [RUN]
23:55:41  73 of 205 OK created sql view model prod_elementary.snapshot_run_results ....... [[32mSUCCESS 1[0m in 0.39s]
23:55:41  78 of 205 START test not_null_stg_olist_sellers_seller_state ................... [RUN]
23:55:41  74 of 205 OK created sql view model prod_elementary.alerts_dbt_source_freshness  [[32mSUCCESS 1[0m in 0.41s]
23:55:41  79 of 205 START test not_null_stg_olist_sellers_seller_zip_code_prefix ......... [RUN]
23:55:41  75 of 205 OK created sql view model prod_elementary.anomaly_threshold_sensitivity  [[32mSUCCESS 1[0m in 0.62s]
23:55:41  80 of 205 START test unique_stg_olist_sellers_seller_id ........................ [RUN]
23:55:41  13 of 205 OK created sql incremental model prod_elementary.dbt_tests ........... [[32mSUCCESS 0[0m in 13.81s]
23:55:41  81 of 205 START test not_null_stg_product_category_name_translation_product_category_name  [RUN]
23:55:41  67 of 205 PASS dbt_expectations_expect_column_values_to_be_between_stg_olist_order_payments_payment_value__0  [[32mPASS[0m in 3.00s]
23:55:41  82 of 205 START test not_null_stg_product_category_name_translation_product_category_name_english  [RUN]
23:55:41  70 of 205 PASS not_null_stg_olist_order_payments_payment_sequential ............ [[32mPASS[0m in 3.01s]
23:55:41  83 of 205 START test unique_stg_product_category_name_translation_product_category_name  [RUN]
23:55:41  62 of 205 PASS not_null_stg_olist_order_items_price ............................ [[32mPASS[0m in 3.42s]
23:55:41  85 of 205 START test dbt_expectations_expect_column_values_to_be_between_stg_olist_products_product_description_length__0  [RUN]
23:55:41  65 of 205 PASS accepted_values_stg_olist_order_payments_payment_type__credit_card__boleto__voucher__debit_card__not_defined  [[32mPASS[0m in 3.24s]
23:55:41  86 of 205 START test dbt_expectations_expect_column_values_to_be_between_stg_olist_products_product_height_cm__0  [RUN]
23:55:41  71 of 205 PASS not_null_stg_olist_order_payments_payment_type .................. [[32mPASS[0m in 2.75s]
23:55:41  87 of 205 START test dbt_expectations_expect_column_values_to_be_between_stg_olist_products_product_length_cm__0  [RUN]
23:55:41  64 of 205 PASS not_null_stg_olist_order_items_seller_id ........................ [[32mPASS[0m in 3.48s]
23:55:41  88 of 205 START test dbt_expectations_expect_column_values_to_be_between_stg_olist_products_product_name_length__0  [RUN]
23:55:42  76 of 205 PASS not_null_stg_olist_sellers_seller_city .......................... [[32mPASS[0m in 1.37s]
23:55:42  89 of 205 START test dbt_expectations_expect_column_values_to_be_between_stg_olist_products_product_photos_qty__0  [RUN]
23:55:42  68 of 205 PASS not_null_stg_olist_order_payments_order_id ...................... [[32mPASS[0m in 3.74s]
23:55:42  90 of 205 START test dbt_expectations_expect_column_values_to_be_between_stg_olist_products_product_weight_g__0  [RUN]
23:55:42  79 of 205 PASS not_null_stg_olist_sellers_seller_zip_code_prefix ............... [[32mPASS[0m in 1.44s]
23:55:42  91 of 205 START test dbt_expectations_expect_column_values_to_be_between_stg_olist_products_product_width_cm__0  [RUN]
23:55:42  72 of 205 PASS not_null_stg_olist_order_payments_payment_value ................. [[32mPASS[0m in 1.92s]
23:55:42  92 of 205 START test not_null_stg_olist_products_product_id .................... [RUN]
23:55:42  77 of 205 PASS not_null_stg_olist_sellers_seller_id ............................ [[32mPASS[0m in 1.66s]
23:55:42  93 of 205 START test unique_stg_olist_products_product_id ...................... [RUN]
23:55:42  69 of 205 PASS not_null_stg_olist_order_payments_payment_installments .......... [[32mPASS[0m in 3.99s]
23:55:42  94 of 205 START snapshot snapshots.scd_customers ............................... [RUN]
23:55:42  82 of 205 PASS not_null_stg_product_category_name_translation_product_category_name_english  [[32mPASS[0m in 1.26s]
23:55:42  95 of 205 START sql view model prod_elementary.model_run_results ............... [RUN]
23:55:42  66 of 205 WARN 2 dbt_expectations_expect_column_values_to_be_between_stg_olist_order_payments_payment_installments__1  [[33mWARN 2[0m in 4.36s]
23:55:42  99 of 205 START unit_test dim_customers::test_dim_customers_order_metrics ...... [RUN]
23:55:42  78 of 205 PASS not_null_stg_olist_sellers_seller_state ......................... [[32mPASS[0m in 1.92s]
23:55:42  96 of 205 START sql table model prod_gold.fct_customer_reviews ................. [RUN]
23:55:42  81 of 205 PASS not_null_stg_product_category_name_translation_product_category_name  [[32mPASS[0m in 1.57s]
23:55:42  97 of 205 START sql view model prod_elementary.dbt_artifacts_hashes ............ [RUN]
23:55:43  83 of 205 PASS unique_stg_product_category_name_translation_product_category_name  [[32mPASS[0m in 1.41s]
23:55:43  98 of 205 START sql table model prod_gold.fct_order_items ...................... [RUN]
23:55:43  95 of 205 OK created sql view model prod_elementary.model_run_results .......... [[32mSUCCESS 1[0m in 0.47s]
23:55:43  100 of 205 START unit_test int_order_payments_pivoted::test_int_order_payments_pivot_logic  [RUN]
23:55:43  80 of 205 PASS unique_stg_olist_sellers_seller_id .............................. [[32mPASS[0m in 2.03s]
23:55:43  101 of 205 START sql view model prod_elementary.alerts_dbt_models .............. [RUN]
23:55:43  Detected columns with numeric type and unspecified precision/scale, this can lead to unintended rounding: ['order_item_id']`
23:55:43  Detected columns with numeric type and unspecified precision/scale, this can lead to unintended rounding: ['review_score']`
23:55:43  88 of 205 PASS dbt_expectations_expect_column_values_to_be_between_stg_olist_products_product_name_length__0  [[32mPASS[0m in 1.60s]
23:55:43  102 of 205 START sql table model prod_gold.dim_sellers ......................... [RUN]
23:55:43  87 of 205 PASS dbt_expectations_expect_column_values_to_be_between_stg_olist_products_product_length_cm__0  [[32mPASS[0m in 1.79s]
23:55:43  103 of 205 START snapshot snapshots.scd_sellers ................................ [RUN]
23:55:43  97 of 205 OK created sql view model prod_elementary.dbt_artifacts_hashes ....... [[32mSUCCESS 1[0m in 0.59s]
23:55:43  85 of 205 PASS dbt_expectations_expect_column_values_to_be_between_stg_olist_products_product_description_length__0  [[32mPASS[0m in 2.03s]
23:55:43  86 of 205 PASS dbt_expectations_expect_column_values_to_be_between_stg_olist_products_product_height_cm__0  [[32mPASS[0m in 2.03s]
23:55:43  101 of 205 OK created sql view model prod_elementary.alerts_dbt_models ......... [[32mSUCCESS 1[0m in 0.52s]
23:55:43  Detected columns with numeric type and unspecified precision/scale, this can lead to unintended rounding: ['total_orders_fulfilled', 'average_fulfillment_days']`
23:55:44  93 of 205 PASS unique_stg_olist_products_product_id ............................ [[32mPASS[0m in 1.67s]
23:55:44  91 of 205 PASS dbt_expectations_expect_column_values_to_be_between_stg_olist_products_product_width_cm__0  [[32mPASS[0m in 1.84s]
23:55:44  99 of 205 PASS dim_customers::test_dim_customers_order_metrics ................. [[32mPASS[0m in 1.48s]
23:55:44  104 of 205 START sql table model prod_gold.dim_customers ....................... [RUN]
23:55:44  89 of 205 PASS dbt_expectations_expect_column_values_to_be_between_stg_olist_products_product_photos_qty__0  [[32mPASS[0m in 2.28s]
23:55:44  90 of 205 PASS dbt_expectations_expect_column_values_to_be_between_stg_olist_products_product_weight_g__0  [[32mPASS[0m in 2.14s]
23:55:44  92 of 205 PASS not_null_stg_olist_products_product_id .......................... [[32mPASS[0m in 2.05s]
23:55:44  105 of 205 START sql table model prod_gold.dim_products ........................ [RUN]
23:55:44  Detected columns with numeric type and unspecified precision/scale, this can lead to unintended rounding: ['number_of_orders']`
23:55:44  100 of 205 FAIL 1 int_order_payments_pivoted::test_int_order_payments_pivot_logic  [[31mFAIL 1[0m in 1.36s]
23:55:44  106 of 205 SKIP relation prod.int_order_payments_pivoted ....................... [[33mSKIP[0m]
23:55:44  107 of 205 SKIP test dbt_expectations_expect_column_values_to_be_between_int_order_payments_pivoted_boleto_amount__0  [[33mSKIP[0m]
23:55:44  108 of 205 SKIP test dbt_expectations_expect_column_values_to_be_between_int_order_payments_pivoted_credit_card_amount__0  [[33mSKIP[0m]
23:55:44  109 of 205 SKIP test dbt_expectations_expect_column_values_to_be_between_int_order_payments_pivoted_debit_card_amount__0  [[33mSKIP[0m]
23:55:44  110 of 205 SKIP test dbt_expectations_expect_column_values_to_be_between_int_order_payments_pivoted_total_amount__0  [[33mSKIP[0m]
23:55:44  111 of 205 SKIP test dbt_expectations_expect_column_values_to_be_between_int_order_payments_pivoted_voucher_amount__0  [[33mSKIP[0m]
23:55:44  112 of 205 SKIP test not_null_int_order_payments_pivoted_order_id .............. [[33mSKIP[0m]
23:55:44  113 of 205 SKIP test not_null_int_order_payments_pivoted_total_amount .......... [[33mSKIP[0m]
23:55:44  114 of 205 SKIP test unique_int_order_payments_pivoted_order_id ................ [[33mSKIP[0m]
23:55:44  115 of 205 SKIP unit_test test_fct_orders_aggregation .......................... [[33mSKIP[0m]
23:55:44  116 of 205 SKIP relation prod_gold.fct_orders .................................. [[33mSKIP[0m]
23:55:44  117 of 205 SKIP saved_query daily_order_performance ............................ [[33mSKIP[0m]
23:55:44  118 of 205 SKIP test assert_delivered_date_is_after_purchase_date .............. [[33mSKIP[0m]
23:55:44  119 of 205 SKIP test dbt_expectations_expect_column_values_to_be_between_fct_orders_number_of_items__1  [[33mSKIP[0m]
23:55:44  120 of 205 SKIP test dbt_expectations_expect_column_values_to_be_between_fct_orders_total_freight_value__0  [[33mSKIP[0m]
23:55:44  121 of 205 SKIP test dbt_expectations_expect_column_values_to_be_between_fct_orders_total_payment_value__0  [[33mSKIP[0m]
23:55:44  122 of 205 SKIP test dbt_expectations_expect_column_values_to_be_between_fct_orders_total_price__0  [[33mSKIP[0m]
23:55:44  123 of 205 SKIP test elementary_column_anomalies_fct_orders_average__max__number_of_items__order_purchase_timestamp__month__3  [[33mSKIP[0m]
23:55:44  124 of 205 SKIP test elementary_column_anomalies_fct_orders_null_rate__zero_rate__average__total_payment_value__order_purchase_timestamp__month__3  [[33mSKIP[0m]
23:55:44  125 of 205 SKIP test elementary_column_anomalies_fct_orders_null_rate__zero_rate__average__total_price__order_purchase_timestamp__month__3  [[33mSKIP[0m]
23:55:44  126 of 205 SKIP test elementary_dimension_anomalies_fct_orders_order_status__order_purchase_timestamp__month__3  [[33mSKIP[0m]
23:55:44  127 of 205 SKIP test elementary_freshness_anomalies_fct_orders_order_purchase_timestamp__month__3  [[33mSKIP[0m]
23:55:44  128 of 205 SKIP test elementary_volume_anomalies_fct_orders_3__order_purchase_timestamp__month__3  [[33mSKIP[0m]
23:55:44  129 of 205 SKIP test not_null_fct_orders_customer_id ........................... [[33mSKIP[0m]
23:55:44  130 of 205 SKIP test not_null_fct_orders_number_of_items ....................... [[33mSKIP[0m]
23:55:44  131 of 205 SKIP test not_null_fct_orders_order_id .............................. [[33mSKIP[0m]
23:55:44  132 of 205 SKIP test not_null_fct_orders_order_purchase_timestamp .............. [[33mSKIP[0m]
23:55:44  133 of 205 SKIP test not_null_fct_orders_order_status .......................... [[33mSKIP[0m]
23:55:44  134 of 205 SKIP test not_null_fct_orders_total_payment_value ................... [[33mSKIP[0m]
23:55:44  135 of 205 SKIP test unique_fct_orders_order_id ................................ [[33mSKIP[0m]
23:55:45  Detected columns with numeric type and unspecified precision/scale, this can lead to unintended rounding: ['product_name_length', 'product_description_length', 'product_photos_qty', 'product_weight_g', 'product_length_cm', 'product_height_cm', 'product_width_cm', 'total_units_sold', 'average_review_score', 'total_reviews']`
23:55:46  96 of 205 OK created sql table model prod_gold.fct_customer_reviews ............ [[32mSUCCESS 98410[0m in 3.71s]
23:55:46  136 of 205 START test dbt_expectations_expect_column_values_to_be_between_fct_customer_reviews_review_score__5__1  [RUN]
23:55:46  137 of 205 START test elementary_column_anomalies_fct_customer_reviews_average__null_rate__review_score__review_creation_date__month__3  [RUN]
23:55:46  138 of 205 START test elementary_freshness_anomalies_fct_customer_reviews_review_creation_date__month__3  [RUN]
23:55:46  139 of 205 START test elementary_volume_anomalies_fct_customer_reviews_review_creation_date__month__3  [RUN]
23:55:46  140 of 205 START test not_null_fct_customer_reviews_customer_id ................ [RUN]
23:55:46  141 of 205 START test not_null_fct_customer_reviews_order_id ................... [RUN]
23:55:46  142 of 205 START test not_null_fct_customer_reviews_order_status ............... [RUN]
23:55:46  143 of 205 START test not_null_fct_customer_reviews_review_id .................. [RUN]
23:55:46  144 of 205 START test not_null_fct_customer_reviews_review_score ............... [RUN]
23:55:46  145 of 205 START test unique_fct_customer_reviews_review_id .................... [RUN]
23:55:47  98 of 205 OK created sql table model prod_gold.fct_order_items ................. [[32mSUCCESS 112650[0m in 3.90s]
23:55:47  146 of 205 NO-OP saved query daily_items_and_gmv ............................... [[33mNO-OP[0m in 0.00s]
23:55:47  147 of 205 START test dbt_expectations_expect_column_values_to_be_between_fct_order_items_freight_value__0  [RUN]
23:55:47  Elementary: Started running data monitors on: OLIST_LAKEHOUSE_PROD.PROD_GOLD.FCT_CUSTOMER_REVIEWS
23:55:47  Elementary: Started running data monitors on: OLIST_LAKEHOUSE_PROD.PROD_GOLD.FCT_CUSTOMER_REVIEWS
23:55:47  Elementary: Started running data monitors on: OLIST_LAKEHOUSE_PROD.PROD_GOLD.FCT_CUSTOMER_REVIEWS review_score
23:55:48  136 of 205 PASS dbt_expectations_expect_column_values_to_be_between_fct_customer_reviews_review_score__5__1  [[32mPASS[0m in 1.51s]
23:55:48  148 of 205 START test dbt_expectations_expect_column_values_to_be_between_fct_order_items_price__0  [RUN]
23:55:48  143 of 205 PASS not_null_fct_customer_reviews_review_id ........................ [[32mPASS[0m in 1.53s]
23:55:48  149 of 205 START test elementary_column_anomalies_fct_order_items_average__null_rate__freight_value__order_purchase_timestamp__month__3  [RUN]
23:55:48  140 of 205 PASS not_null_fct_customer_reviews_customer_id ...................... [[32mPASS[0m in 1.54s]
23:55:48  150 of 205 START test elementary_column_anomalies_fct_order_items_average__zero_rate__price__order_purchase_timestamp__month__3  [RUN]
23:55:48  147 of 205 PASS dbt_expectations_expect_column_values_to_be_between_fct_order_items_freight_value__0  [[32mPASS[0m in 1.30s]
23:55:48  151 of 205 START test elementary_freshness_anomalies_fct_order_items_order_purchase_timestamp__month__3  [RUN]
23:55:48  141 of 205 PASS not_null_fct_customer_reviews_order_id ......................... [[32mPASS[0m in 1.83s]
23:55:48  152 of 205 START test elementary_volume_anomalies_fct_order_items_order_purchase_timestamp__month__3  [RUN]
23:55:48  142 of 205 PASS not_null_fct_customer_reviews_order_status ..................... [[32mPASS[0m in 1.84s]
23:55:48  Elementary: Started running data monitors on: OLIST_LAKEHOUSE_PROD.PROD_GOLD.FCT_ORDER_ITEMS
23:55:48  Elementary: Started running data monitors on: OLIST_LAKEHOUSE_PROD.PROD_GOLD.FCT_ORDER_ITEMS price
23:55:48  153 of 205 START test not_null_fct_order_items_customer_id ..................... [RUN]
23:55:48  144 of 205 PASS not_null_fct_customer_reviews_review_score ..................... [[32mPASS[0m in 2.08s]
23:55:48  102 of 205 OK created sql table model prod_gold.dim_sellers .................... [[32mSUCCESS 3095[0m in 5.32s]
23:55:48  154 of 205 START test not_null_fct_order_items_order_id ........................ [RUN]
23:55:48  155 of 205 START test not_null_fct_order_items_order_item_id ................... [RUN]
23:55:48  94 of 205 OK snapshotted snapshots.scd_customers ............................... [[32mSUCCESS 0[0m in 6.36s]
23:55:48  156 of 205 START test not_null_fct_order_items_order_purchase_timestamp ........ [RUN]
23:55:49  145 of 205 PASS unique_fct_customer_reviews_review_id .......................... [[32mPASS[0m in 2.40s]
23:55:49  Elementary: Started running data monitors on: OLIST_LAKEHOUSE_PROD.PROD_GOLD.FCT_ORDER_ITEMS
23:55:49  157 of 205 START test not_null_fct_order_items_order_status .................... [RUN]
23:55:49  Elementary: Started running data monitors on: OLIST_LAKEHOUSE_PROD.PROD_GOLD.FCT_ORDER_ITEMS freight_value
23:55:49  148 of 205 PASS dbt_expectations_expect_column_values_to_be_between_fct_order_items_price__0  [[32mPASS[0m in 1.25s]
23:55:49  158 of 205 START test not_null_fct_order_items_price ........................... [RUN]
23:55:49  153 of 205 PASS not_null_fct_order_items_customer_id ........................... [[32mPASS[0m in 0.93s]
23:55:49  159 of 205 START test not_null_fct_order_items_product_id ...................... [RUN]
23:55:49  104 of 205 OK created sql table model prod_gold.dim_customers .................. [[32mSUCCESS 99441[0m in 5.42s]
23:55:49  160 of 205 START test not_null_fct_order_items_seller_id ....................... [RUN]
23:55:49  154 of 205 PASS not_null_fct_order_items_order_id .............................. [[32mPASS[0m in 1.04s]
23:55:49  161 of 205 START test dbt_expectations_expect_column_values_to_be_between_dim_sellers_average_freight_value__0  [RUN]
23:55:49  103 of 205 OK snapshotted snapshots.scd_sellers ................................ [[32mSUCCESS 0[0m in 6.31s]
23:55:49  162 of 205 START test dbt_expectations_expect_column_values_to_be_between_dim_sellers_average_fulfillment_days__0  [RUN]
23:55:50  155 of 205 PASS not_null_fct_order_items_order_item_id ......................... [[32mPASS[0m in 1.26s]
23:55:50  163 of 205 START test dbt_expectations_expect_column_values_to_be_between_dim_sellers_total_orders_fulfilled__0  [RUN]
23:55:50  157 of 205 PASS not_null_fct_order_items_order_status .......................... [[32mPASS[0m in 0.95s]
23:55:50  164 of 205 START test dbt_expectations_expect_column_values_to_be_between_dim_sellers_total_sales_value__0  [RUN]
23:55:50  156 of 205 PASS not_null_fct_order_items_order_purchase_timestamp .............. [[32mPASS[0m in 1.28s]
23:55:50  165 of 205 START test elementary_column_anomalies_dim_sellers_average__average_fulfillment_days  [RUN]
23:55:50  Elementary: Finished running data monitors on: OLIST_LAKEHOUSE_PROD.PROD_GOLD.FCT_CUSTOMER_REVIEWS
23:55:50  158 of 205 PASS not_null_fct_order_items_price ................................. [[32mPASS[0m in 0.94s]
23:55:50  105 of 205 OK created sql table model prod_gold.dim_products ................... [[32mSUCCESS 32951[0m in 5.81s]
23:55:50  166 of 205 START test elementary_column_anomalies_dim_sellers_average__max__total_sales_value  [RUN]
23:55:50  167 of 205 START test elementary_dimension_anomalies_dim_sellers_seller_state .. [RUN]
23:55:50  Elementary: Started running data monitors on: OLIST_LAKEHOUSE_PROD.PROD_GOLD.DIM_SELLERS average_fulfillment_days
23:55:50  Elementary: Started running data monitors on: OLIST_LAKEHOUSE_PROD.PROD_GOLD.DIM_SELLERS
23:55:50  Elementary: Finished running data monitors on: OLIST_LAKEHOUSE_PROD.PROD_GOLD.FCT_CUSTOMER_REVIEWS
23:55:50  Elementary: Started running data monitors on: OLIST_LAKEHOUSE_PROD.PROD_GOLD.DIM_SELLERS total_sales_value
23:55:50  160 of 205 PASS not_null_fct_order_items_seller_id ............................. [[32mPASS[0m in 1.09s]
23:55:50  168 of 205 START test elementary_volume_anomalies_dim_sellers_ ................. [RUN]
23:55:50  Elementary: Started running data monitors on: OLIST_LAKEHOUSE_PROD.PROD_GOLD.DIM_SELLERS
23:55:50  161 of 205 PASS dbt_expectations_expect_column_values_to_be_between_dim_sellers_average_freight_value__0  [[32mPASS[0m in 1.05s]
23:55:50  169 of 205 START test not_null_dim_sellers_seller_city ......................... [RUN]
23:55:51  164 of 205 PASS dbt_expectations_expect_column_values_to_be_between_dim_sellers_total_sales_value__0  [[32mPASS[0m in 1.32s]
23:55:51  163 of 205 PASS dbt_expectations_expect_column_values_to_be_between_dim_sellers_total_orders_fulfilled__0  [[32mPASS[0m in 1.36s]
23:55:51  170 of 205 START test not_null_dim_sellers_seller_id ........................... [RUN]
23:55:51  171 of 205 START test not_null_dim_sellers_seller_state ........................ [RUN]
23:55:51  159 of 205 PASS not_null_fct_order_items_product_id ............................ [[32mPASS[0m in 1.74s]
23:55:51  Elementary: Finished running data monitors on: OLIST_LAKEHOUSE_PROD.PROD_GOLD.FCT_ORDER_ITEMS
23:55:51  172 of 205 START test not_null_dim_sellers_seller_zip_code_prefix .............. [RUN]
23:55:51  Elementary: Finished running data monitors on: OLIST_LAKEHOUSE_PROD.PROD_GOLD.FCT_ORDER_ITEMS price
23:55:51  162 of 205 WARN 1 dbt_expectations_expect_column_values_to_be_between_dim_sellers_average_fulfillment_days__0  [[33mWARN 1[0m in 1.73s]
23:55:51  173 of 205 START test unique_dim_sellers_seller_id ............................. [RUN]
23:55:51  Elementary: Finished running data monitors on: OLIST_LAKEHOUSE_PROD.PROD_GOLD.FCT_CUSTOMER_REVIEWS review_score
23:55:51  Elementary: Finished running data monitors on: OLIST_LAKEHOUSE_PROD.PROD_GOLD.FCT_ORDER_ITEMS freight_value
23:55:52  Elementary: Finished running data monitors on: OLIST_LAKEHOUSE_PROD.PROD_GOLD.FCT_ORDER_ITEMS
23:55:52  169 of 205 PASS not_null_dim_sellers_seller_city ............................... [[32mPASS[0m in 1.41s]
23:55:52  174 of 205 NO-OP saved query customer_retention_summary ........................ [[33mNO-OP[0m in 0.00s]
23:55:52  175 of 205 START test dbt_expectations_expect_column_values_to_be_between_dim_customers_number_of_orders__0  [RUN]
23:55:52  138 of 205 PASS elementary_freshness_anomalies_fct_customer_reviews_review_creation_date__month__3  [[32mPASS[0m in 5.68s]
23:55:52  176 of 205 START test elementary_column_anomalies_dim_customers_average__max__number_of_orders  [RUN]
23:55:52  171 of 205 PASS not_null_dim_sellers_seller_state .............................. [[32mPASS[0m in 1.05s]
23:55:52  177 of 205 START test elementary_dimension_anomalies_dim_customers_customer_state  [RUN]
23:55:52  170 of 205 PASS not_null_dim_sellers_seller_id ................................. [[32mPASS[0m in 1.06s]
23:55:52  178 of 205 START test elementary_volume_anomalies_dim_customers_ ............... [RUN]
23:55:52  Elementary: Started running data monitors on: OLIST_LAKEHOUSE_PROD.PROD_GOLD.DIM_CUSTOMERS number_of_orders
23:55:52  Elementary: Started running data monitors on: OLIST_LAKEHOUSE_PROD.PROD_GOLD.DIM_CUSTOMERS
23:55:52  139 of 205 PASS elementary_volume_anomalies_fct_customer_reviews_review_creation_date__month__3  [[32mPASS[0m in 5.94s]
23:55:52  Elementary: Started running data monitors on: OLIST_LAKEHOUSE_PROD.PROD_GOLD.DIM_CUSTOMERS
23:55:52  179 of 205 START test not_null_dim_customers_customer_city ..................... [RUN]
23:55:52  172 of 205 PASS not_null_dim_sellers_seller_zip_code_prefix .................... [[32mPASS[0m in 1.40s]
23:55:52  180 of 205 START test not_null_dim_customers_customer_id ....................... [RUN]
23:55:53  173 of 205 PASS unique_dim_sellers_seller_id ................................... [[32mPASS[0m in 1.44s]
23:55:53  181 of 205 START test not_null_dim_customers_customer_state .................... [RUN]
23:55:53  Elementary: Finished running data monitors on: OLIST_LAKEHOUSE_PROD.PROD_GOLD.DIM_SELLERS
23:55:53  151 of 205 PASS elementary_freshness_anomalies_fct_order_items_order_purchase_timestamp__month__3  [[32mPASS[0m in 4.82s]
23:55:53  182 of 205 START test not_null_dim_customers_customer_unique_id ................ [RUN]
23:55:53  Elementary: Finished running data monitors on: OLIST_LAKEHOUSE_PROD.PROD_GOLD.DIM_SELLERS total_sales_value
23:55:53  137 of 205 PASS elementary_column_anomalies_fct_customer_reviews_average__null_rate__review_score__review_creation_date__month__3  [[32mPASS[0m in 6.58s]
23:55:53  Elementary: Finished running data monitors on: OLIST_LAKEHOUSE_PROD.PROD_GOLD.DIM_SELLERS average_fulfillment_days
23:55:53  183 of 205 START test not_null_dim_customers_customer_zip_code_prefix .......... [RUN]
23:55:53  150 of 205 PASS elementary_column_anomalies_fct_order_items_average__zero_rate__price__order_purchase_timestamp__month__3  [[32mPASS[0m in 5.05s]
23:55:53  184 of 205 START test not_null_dim_customers_number_of_orders .................. [RUN]
23:55:53  149 of 205 PASS elementary_column_anomalies_fct_order_items_average__null_rate__freight_value__order_purchase_timestamp__month__3  [[32mPASS[0m in 5.15s]
23:55:53  185 of 205 START test unique_dim_customers_customer_id ......................... [RUN]
23:55:53  175 of 205 PASS dbt_expectations_expect_column_values_to_be_between_dim_customers_number_of_orders__0  [[32mPASS[0m in 1.19s]
23:55:53  186 of 205 START test unique_dim_customers_customer_unique_id .................. [RUN]
23:55:53  179 of 205 PASS not_null_dim_customers_customer_city ........................... [[32mPASS[0m in 0.97s]
23:55:53  187 of 205 SKIP test relationships_fct_orders_customer_id__customer_id__ref_dim_customers_  [[33mSKIP[0m]
23:55:53  188 of 205 START test assert_dim_products_sales_match_order_items .............. [RUN]
23:55:53  Elementary: Finished running data monitors on: OLIST_LAKEHOUSE_PROD.PROD_GOLD.DIM_SELLERS
23:55:53  180 of 205 PASS not_null_dim_customers_customer_id ............................. [[32mPASS[0m in 0.98s]
23:55:53  189 of 205 START test dbt_expectations_expect_column_values_to_be_between_dim_products_average_review_score__5__1  [RUN]
23:55:54  152 of 205 PASS elementary_volume_anomalies_fct_order_items_order_purchase_timestamp__month__3  [[32mPASS[0m in 5.61s]
23:55:54  190 of 205 START test dbt_expectations_expect_column_values_to_be_between_dim_products_product_description_length__0  [RUN]
23:55:54  181 of 205 PASS not_null_dim_customers_customer_state .......................... [[32mPASS[0m in 1.07s]
23:55:54  191 of 205 START test dbt_expectations_expect_column_values_to_be_between_dim_products_product_height_cm__0  [RUN]
23:55:54  182 of 205 PASS not_null_dim_customers_customer_unique_id ...................... [[32mPASS[0m in 0.99s]
23:55:54  192 of 205 START test dbt_expectations_expect_column_values_to_be_between_dim_products_product_length_cm__0  [RUN]
23:55:54  183 of 205 PASS not_null_dim_customers_customer_zip_code_prefix ................ [[32mPASS[0m in 0.95s]
23:55:54  193 of 205 START test dbt_expectations_expect_column_values_to_be_between_dim_products_product_name_length__0  [RUN]
23:55:54  184 of 205 PASS not_null_dim_customers_number_of_orders ........................ [[32mPASS[0m in 0.96s]
23:55:54  194 of 205 START test dbt_expectations_expect_column_values_to_be_between_dim_products_product_photos_qty__0  [RUN]
23:55:54  Elementary: Finished running data monitors on: OLIST_LAKEHOUSE_PROD.PROD_GOLD.DIM_CUSTOMERS
23:55:54  185 of 205 PASS unique_dim_customers_customer_id ............................... [[32mPASS[0m in 1.13s]
23:55:54  195 of 205 START test dbt_expectations_expect_column_values_to_be_between_dim_products_product_weight_g__0  [RUN]
23:55:54  167 of 205 PASS elementary_dimension_anomalies_dim_sellers_seller_state ........ [[32mPASS[0m in 4.30s]
23:55:54  196 of 205 START test dbt_expectations_expect_column_values_to_be_between_dim_products_product_width_cm__0  [RUN]
23:55:54  166 of 205 PASS elementary_column_anomalies_dim_sellers_average__max__total_sales_value  [[32mPASS[0m in 4.37s]
23:55:54  197 of 205 START test dbt_expectations_expect_column_values_to_be_between_dim_products_total_revenue_generated__0  [RUN]
23:55:54  189 of 205 PASS dbt_expectations_expect_column_values_to_be_between_dim_products_average_review_score__5__1  [[32mPASS[0m in 0.95s]
23:55:54  198 of 205 START test dbt_expectations_expect_column_values_to_be_between_dim_products_total_reviews__0  [RUN]
23:55:54  Elementary: Finished running data monitors on: OLIST_LAKEHOUSE_PROD.PROD_GOLD.DIM_CUSTOMERS number_of_orders
23:55:54  186 of 205 WARN 2997 unique_dim_customers_customer_unique_id ................... [[33mWARN 2997[0m in 1.33s]
23:55:54  Elementary: Finished running data monitors on: OLIST_LAKEHOUSE_PROD.PROD_GOLD.DIM_CUSTOMERS
23:55:54  199 of 205 START test dbt_expectations_expect_column_values_to_be_between_dim_products_total_units_sold__0  [RUN]
23:55:55  165 of 205 PASS elementary_column_anomalies_dim_sellers_average__average_fulfillment_days  [[32mPASS[0m in 4.76s]
23:55:55  200 of 205 START test elementary_column_anomalies_dim_products_average__average_review_score  [RUN]
23:55:55  191 of 205 PASS dbt_expectations_expect_column_values_to_be_between_dim_products_product_height_cm__0  [[32mPASS[0m in 0.95s]
23:55:55  201 of 205 START test elementary_column_anomalies_dim_products_average__max__total_revenue_generated  [RUN]
23:55:55  Elementary: Started running data monitors on: OLIST_LAKEHOUSE_PROD.PROD_GOLD.DIM_PRODUCTS average_review_score
23:55:55  194 of 205 PASS dbt_expectations_expect_column_values_to_be_between_dim_products_product_photos_qty__0  [[32mPASS[0m in 1.04s]
23:55:55  168 of 205 PASS elementary_volume_anomalies_dim_sellers_ ....................... [[32mPASS[0m in 4.44s]
23:55:55  202 of 205 START test elementary_dimension_anomalies_dim_products_product_category_name_english  [RUN]
23:55:55  203 of 205 START test elementary_volume_anomalies_dim_products_ ................ [RUN]
23:55:55  Elementary: Started running data monitors on: OLIST_LAKEHOUSE_PROD.PROD_GOLD.DIM_PRODUCTS
23:55:55  Elementary: Started running data monitors on: OLIST_LAKEHOUSE_PROD.PROD_GOLD.DIM_PRODUCTS total_revenue_generated
23:55:55  192 of 205 PASS dbt_expectations_expect_column_values_to_be_between_dim_products_product_length_cm__0  [[32mPASS[0m in 1.38s]
23:55:55  204 of 205 START test not_null_dim_products_product_id ......................... [RUN]
23:55:55  Elementary: Started running data monitors on: OLIST_LAKEHOUSE_PROD.PROD_GOLD.DIM_PRODUCTS
23:55:55  188 of 205 PASS assert_dim_products_sales_match_order_items .................... [[32mPASS[0m in 1.85s]
23:55:55  205 of 205 START test unique_dim_products_product_id ........................... [RUN]
23:55:55  193 of 205 PASS dbt_expectations_expect_column_values_to_be_between_dim_products_product_name_length__0  [[32mPASS[0m in 1.44s]
23:55:55  197 of 205 PASS dbt_expectations_expect_column_values_to_be_between_dim_products_total_revenue_generated__0  [[32mPASS[0m in 0.91s]
23:55:55  190 of 205 PASS dbt_expectations_expect_column_values_to_be_between_dim_products_product_description_length__0  [[32mPASS[0m in 1.55s]
23:55:55  196 of 205 PASS dbt_expectations_expect_column_values_to_be_between_dim_products_product_width_cm__0  [[32mPASS[0m in 0.97s]
23:55:55  195 of 205 PASS dbt_expectations_expect_column_values_to_be_between_dim_products_product_weight_g__0  [[32mPASS[0m in 1.18s]
23:55:55  198 of 205 PASS dbt_expectations_expect_column_values_to_be_between_dim_products_total_reviews__0  [[32mPASS[0m in 0.91s]
23:55:55  199 of 205 PASS dbt_expectations_expect_column_values_to_be_between_dim_products_total_units_sold__0  [[32mPASS[0m in 1.01s]
23:55:56  176 of 205 PASS elementary_column_anomalies_dim_customers_average__max__number_of_orders  [[32mPASS[0m in 4.14s]
23:55:56  177 of 205 PASS elementary_dimension_anomalies_dim_customers_customer_state .... [[32mPASS[0m in 4.06s]
23:55:56  204 of 205 PASS not_null_dim_products_product_id ............................... [[32mPASS[0m in 1.01s]
23:55:56  205 of 205 PASS unique_dim_products_product_id ................................. [[32mPASS[0m in 1.10s]
23:55:57  Elementary: Finished running data monitors on: OLIST_LAKEHOUSE_PROD.PROD_GOLD.DIM_PRODUCTS total_revenue_generated
23:55:57  Elementary: Finished running data monitors on: OLIST_LAKEHOUSE_PROD.PROD_GOLD.DIM_PRODUCTS
23:55:57  Elementary: Finished running data monitors on: OLIST_LAKEHOUSE_PROD.PROD_GOLD.DIM_PRODUCTS average_review_score
23:55:57  178 of 205 PASS elementary_volume_anomalies_dim_customers_ ..................... [[32mPASS[0m in 5.18s]
23:55:58  Elementary: Finished running data monitors on: OLIST_LAKEHOUSE_PROD.PROD_GOLD.DIM_PRODUCTS
23:55:58  201 of 205 PASS elementary_column_anomalies_dim_products_average__max__total_revenue_generated  [[32mPASS[0m in 3.78s]
23:55:59  200 of 205 PASS elementary_column_anomalies_dim_products_average__average_review_score  [[32mPASS[0m in 4.10s]
23:55:59  203 of 205 PASS elementary_volume_anomalies_dim_products_ ...................... [[32mPASS[0m in 3.73s]
23:56:00  202 of 205 PASS elementary_dimension_anomalies_dim_products_product_category_name_english  [[32mPASS[0m in 4.68s]
23:56:00  
23:56:32  1 of 1 START hook: elementary.on-run-end.0 ..................................... [RUN]
23:56:32  1 of 1 OK hook: elementary.on-run-end.0 ........................................ [[32mOK[0m in 32.60s]
23:56:36  
23:56:36
23:56:36  Finished running 17 incremental models, 2 project hooks, 3 saved queries, 2 snapshots, 7 table models, 149 data tests, 4 unit tests, 23 view models in 0 hours 1 minutes and 16.31 seconds (76.31s).
23:56:36  
23:56:36
23:56:36  [31mCompleted with 1 error, 0 partial successes, and 4 warnings:[0m
23:56:36  
23:56:36
23:56:36  [31mFailure in unit_test test_int_order_payments_pivot_logic (tests/unit_tests.yml)[0m
23:56:36
23:56:36    

[32mactual[0m differs from [31mexpected[0m:

[0;1m@@[0m [33m,[0m[0;1morder_id[0m[33m,[0m[0;1mboleto_amount[0m[33m,[0m[0;1mcredit_card_amount[0m[33m,[0m[0;1mvoucher_amount[0m[33m,[0m[0;1mdebit_card_amount[0m[33m,[0m[0;1mtotal_amount[0m
...[33m,[0m...     [33m,[0m...          [33m,[0m...               [33m,[0m...           [33m,[0m...              [33m,[0m...
   [33m,[0mord_002 [33m,[0m0.00         [33m,[0m0.00              [33m,[0m80.00         [33m,[0m0.00             [33m,[0m80.00
[32;1m+++[0m[33m,[0m[32;1mord_003[0m [33m,[0m[32;1mDecimal('0.00')[0m         [33m,[0m[32;1mDecimal('0.00')[0m              [33m,[0m[32;1mDecimal('0.00')[0m          [33m,[0m[32;1mDecimal('0.00')[0m             [33m,[0m[32;1mDecimal('10.00')[0m


23:56:36  
23:56:36
23:56:36    compiled code at target/compiled/olist_lakehouse/tests/unit_tests.yml/tests/test_int_order_payments_pivot_logic.sql
23:56:36  
23:56:36
23:56:36  [33mWarning in test unique_stg_olist_customers_customer_unique_id (models/staging/schema.yml)[0m
23:56:36  Got 2997 results, configured to warn if != 0
23:56:36  
23:56:36
23:56:36    compiled code at target/compiled/olist_lakehouse/models/staging/schema.yml/unique_stg_olist_customers_customer_unique_id.sql
23:56:36  
23:56:36
23:56:36    See test failures:
  -----------------------------------------------------------------------------------------------------
  select * from OLIST_LAKEHOUSE_prod.prod_dbt_test__audit.unique_stg_olist_customers_customer_unique_id
  -----------------------------------------------------------------------------------------------------
23:56:36  
23:56:36
23:56:36  [33mWarning in test dbt_expectations_expect_column_values_to_be_between_stg_olist_order_payments_payment_installments__1 (models/staging/schema.yml)[0m
23:56:36  Got 2 results, configured to warn if != 0
23:56:36  
23:56:36
23:56:36    compiled code at target/compiled/olist_lakehouse/models/staging/schema.yml/dbt_expectations_expect_column_f7cd60db176bbdc8eb9b85b376cfda3c.sql
23:56:36  
23:56:36
23:56:36    See test failures:
  -----------------------------------------------------------------------------------------------------------------------
  select * from OLIST_LAKEHOUSE_prod.prod_dbt_test__audit.dbt_expectations_expect_column_f7cd60db176bbdc8eb9b85b376cfda3c
  -----------------------------------------------------------------------------------------------------------------------
23:56:36  
23:56:36
23:56:36  [33mWarning in test dbt_expectations_expect_column_values_to_be_between_dim_sellers_average_fulfillment_days__0 (models/marts/dim_sellers.yml)[0m
23:56:36  Got 1 result, configured to warn if != 0
23:56:36  
23:56:36
23:56:36    compiled code at target/compiled/olist_lakehouse/models/marts/dim_sellers.yml/dbt_expectations_expect_column_bdb4af65eab15342b0180f0cd53395c3.sql
23:56:36  
23:56:36
23:56:36    See test failures:
  -----------------------------------------------------------------------------------------------------------------------
  select * from OLIST_LAKEHOUSE_prod.prod_dbt_test__audit.dbt_expectations_expect_column_bdb4af65eab15342b0180f0cd53395c3
  -----------------------------------------------------------------------------------------------------------------------
23:56:36  
23:56:36
23:56:36  [33mWarning in test unique_dim_customers_customer_unique_id (models/marts/dim_customers.yml)[0m
23:56:36  Got 2997 results, configured to warn if != 0
23:56:36  
23:56:36
23:56:36    compiled code at target/compiled/olist_lakehouse/models/marts/dim_customers.yml/unique_dim_customers_customer_unique_id.sql
23:56:36  
23:56:36
23:56:36    See test failures:
  -----------------------------------------------------------------------------------------------
  select * from OLIST_LAKEHOUSE_prod.prod_dbt_test__audit.unique_dim_customers_customer_unique_id
  -----------------------------------------------------------------------------------------------
23:56:36  
23:56:36
23:56:36  Done. PASS=169 WARN=4 ERROR=1 SKIP=31 NO-OP=2 TOTAL=207
23:56:36  [[33mWARNING[0m][DeprecationsSummary]: Deprecated functionality
Summary of encountered deprecations:
- MFTimespineWithoutYamlConfigurationDeprecation: 1 occurrence
- MicrobatchMacroOutsideOfBatchesDeprecation: 1 occurrence
To see all deprecation instances instead of just the first occurrence of each,
run command again with the `--show-all-deprecations` flag. You may also need to
run with `--no-partial-parse` as some deprecations are only encountered during
parsing.
dbt command failed